<?xml version="1.0" encoding="UTF-8"?>
<testsuite xmlns:xsi="http://www.w3.org/2001/XMLSchema-instance" xsi:noNamespaceSchemaLocation="https://maven.apache.org/surefire/maven-surefire-plugin/xsd/surefire-test-report.xsd" name="org.fxee.osgi.spring.test.OsgiAnnotationConfigApplicationContextTest" time="1.045" tests="2" errors="0" skipped="0" failures="0">
  <properties/>
  <testcase name="doScanAnnotatedOsgiComponent" classname="org.fxee.osgi.spring.test.OsgiAnnotationConfigApplicationContextTest" time="0.755"/>
  <testcase name="scanOsgiBasePackages" classname="org.fxee.osgi.spring.test.OsgiAnnotationConfigApplicationContextTest" time="0.29"/>
</testsuite>